<?xml version="1.0" encoding="UTF-8"?>
<!-- Generated by org.testng.reporters.JUnitReportReporter -->
<testsuite hostname="DESKTOP-CI9BF73" failures="0" tests="3" name="com.xeroxDriverPosting.testCases.TC2_VersaLinkModelPage_001" time="41.673" errors="0" timestamp="2022-12-13T05:27:27 GMT-08:00" skipped="0">
  <testcase classname="com.xeroxDriverPosting.testCases.TC2_VersaLinkModelPage_001" name="homePage" time="14.616"/>
  <system-out/>
  <testcase classname="com.xeroxDriverPosting.testCases.TC2_VersaLinkModelPage_001" name="supportPageModelSearchLinkClick" time="26.926"/>
  <system-out/>
  <testcase classname="com.xeroxDriverPosting.testCases.TC2_VersaLinkModelPage_001" name="modelPageValidation" time="0.131"/>
  <system-out/>
</testsuite> <!-- com.xeroxDriverPosting.testCases.TC2_VersaLinkModelPage_001 -->
