<?xml version="1.0" encoding="UTF-8"?>
<!-- Generated by org.testng.reporters.JUnitReportReporter -->
<testsuite hostname="DESKTOP-RQDV8HS" failures="0" tests="2" name="com.xeroxDriverPosting.testCases.TC_SupportPage_001" time="16.208" errors="0" timestamp="2022-12-11T23:05:25 IST" skipped="0">
  <testcase classname="com.xeroxDriverPosting.testCases.TC_SupportPage_001" name="homePage" time="9.094"/>
  <system-out/>
  <testcase classname="com.xeroxDriverPosting.testCases.TC_SupportPage_001" name="supportPageModelSearchLinkClick" time="7.114"/>
  <system-out/>
</testsuite> <!-- com.xeroxDriverPosting.testCases.TC_SupportPage_001 -->
