<?xml version="1.0" encoding="UTF-8"?>
<!-- Generated by org.testng.reporters.JUnitReportReporter -->
<testsuite hostname="DESKTOP-CI9BF73" failures="0" tests="3" name="com.xeroxDriverPosting.testCases.TC1_Xerox_ModelName_Page_001" time="45.123" errors="0" timestamp="2022-12-13T06:08:12 GMT-08:00" skipped="0">
  <testcase classname="com.xeroxDriverPosting.testCases.TC1_Xerox_ModelName_Page_001" name="homePage" time="16.113"/>
  <system-out/>
  <testcase classname="com.xeroxDriverPosting.testCases.TC1_Xerox_ModelName_Page_001" name="supportPageModelSearchLinkClick" time="28.860"/>
  <system-out/>
  <testcase classname="com.xeroxDriverPosting.testCases.TC1_Xerox_ModelName_Page_001" name="modelPageValidation" time="0.150"/>
  <system-out/>
</testsuite> <!-- com.xeroxDriverPosting.testCases.TC1_Xerox_ModelName_Page_001 -->
