<?xml version="1.0" encoding="UTF-8"?>
<!-- Generated by org.testng.reporters.JUnitReportReporter -->
<testsuite hostname="DESKTOP-RQDV8HS" failures="0" tests="2" name="com.xeroxDriverPosting.testCases.TC_SupportPage_001" time="46.329" errors="0" timestamp="2022-12-12T02:03:27 IST" skipped="0">
  <testcase classname="com.xeroxDriverPosting.testCases.TC_SupportPage_001" name="homePage" time="10.280"/>
  <system-out/>
  <testcase classname="com.xeroxDriverPosting.testCases.TC_SupportPage_001" name="supportPageModelSearchLinkClick" time="36.049"/>
  <system-out/>
</testsuite> <!-- com.xeroxDriverPosting.testCases.TC_SupportPage_001 -->
