<?xml version="1.0" encoding="UTF-8"?>
<!-- Generated by org.testng.reporters.JUnitReportReporter -->
<testsuite hostname="DESKTOP-RQDV8HS" failures="0" tests="2" name="com.xeroxDriverPosting.testCases.TC_SupportPage_001" time="35.816" errors="0" timestamp="2022-12-12T01:26:33 IST" skipped="0">
  <testcase classname="com.xeroxDriverPosting.testCases.TC_SupportPage_001" name="homePage" time="10.173"/>
  <system-out/>
  <testcase classname="com.xeroxDriverPosting.testCases.TC_SupportPage_001" name="supportPageModelSearchLinkClick" time="25.643"/>
  <system-out/>
</testsuite> <!-- com.xeroxDriverPosting.testCases.TC_SupportPage_001 -->
