<?xml version="1.0" encoding="UTF-8"?>
<!-- Generated by org.testng.reporters.JUnitReportReporter -->
<testsuite hostname="DESKTOP-CI9BF73" failures="0" tests="3" name="com.xeroxDriverPosting.testCases.TC3_AltaLinkModelPage_001" time="46.333" errors="0" timestamp="2022-12-13T06:01:35 GMT-08:00" skipped="0">
  <testcase classname="com.xeroxDriverPosting.testCases.TC3_AltaLinkModelPage_001" name="homePage" time="19.973"/>
  <system-out/>
  <testcase classname="com.xeroxDriverPosting.testCases.TC3_AltaLinkModelPage_001" name="supportPageModelSearchLinkClick" time="26.260"/>
  <system-out/>
  <testcase classname="com.xeroxDriverPosting.testCases.TC3_AltaLinkModelPage_001" name="modelPageValidation" time="0.100"/>
  <system-out/>
</testsuite> <!-- com.xeroxDriverPosting.testCases.TC3_AltaLinkModelPage_001 -->
